<?xml version="1.0" encoding="UTF-8"?>
<testng-results ignored="0" total="1" passed="1" failed="0" skipped="0">
  <reporter-output>
  </reporter-output>
  <suite started-at="2025-01-21T19:03:54 IST" name="Default suite" finished-at="2025-01-21T19:03:54 IST" duration-ms="77">
    <groups>
    </groups>
    <test started-at="2025-01-21T19:03:54 IST" name="Default test" finished-at="2025-01-21T19:03:54 IST" duration-ms="77">
      <class name="TestScript.TestNgAnnotations">
        <test-method is-config="true" signature="beforesuite()[pri:0, instance:TestScript.TestNgAnnotations@1ff4931d]" started-at="2025-01-21T19:03:54 IST" name="beforesuite" finished-at="2025-01-21T19:03:54 IST" duration-ms="15" status="PASS">
          <reporter-output>
          </reporter-output>
        </test-method> <!-- beforesuite -->
        <test-method is-config="true" signature="beforeTest()[pri:0, instance:TestScript.TestNgAnnotations@1ff4931d]" started-at="2025-01-21T19:03:54 IST" name="beforeTest" finished-at="2025-01-21T19:03:54 IST" duration-ms="1" status="PASS">
          <reporter-output>
          </reporter-output>
        </test-method> <!-- beforeTest -->
        <test-method is-config="true" signature="beforeclass()[pri:0, instance:TestScript.TestNgAnnotations@1ff4931d]" started-at="2025-01-21T19:03:54 IST" name="beforeclass" finished-at="2025-01-21T19:03:54 IST" duration-ms="2" status="PASS">
          <reporter-output>
          </reporter-output>
        </test-method> <!-- beforeclass -->
        <test-method is-config="true" signature="before()[pri:0, instance:TestScript.TestNgAnnotations@1ff4931d]" started-at="2025-01-21T19:03:54 IST" name="before" finished-at="2025-01-21T19:03:54 IST" duration-ms="2" status="PASS">
          <reporter-output>
          </reporter-output>
        </test-method> <!-- before -->
        <test-method signature="testCase1()[pri:0, instance:TestScript.TestNgAnnotations@1ff4931d]" started-at="2025-01-21T19:03:54 IST" name="testCase1" finished-at="2025-01-21T19:03:54 IST" duration-ms="13" status="PASS">
          <reporter-output>
          </reporter-output>
        </test-method> <!-- testCase1 -->
        <test-method is-config="true" signature="after()[pri:0, instance:TestScript.TestNgAnnotations@1ff4931d]" started-at="2025-01-21T19:03:54 IST" name="after" finished-at="2025-01-21T19:03:54 IST" duration-ms="0" status="PASS">
          <reporter-output>
          </reporter-output>
        </test-method> <!-- after -->
        <test-method is-config="true" signature="afterclass()[pri:0, instance:TestScript.TestNgAnnotations@1ff4931d]" started-at="2025-01-21T19:03:54 IST" name="afterclass" finished-at="2025-01-21T19:03:54 IST" duration-ms="1" status="PASS">
          <reporter-output>
          </reporter-output>
        </test-method> <!-- afterclass -->
        <test-method is-config="true" signature="afterTest()[pri:0, instance:TestScript.TestNgAnnotations@1ff4931d]" started-at="2025-01-21T19:03:54 IST" name="afterTest" finished-at="2025-01-21T19:03:54 IST" duration-ms="0" status="PASS">
          <reporter-output>
          </reporter-output>
        </test-method> <!-- afterTest -->
        <test-method is-config="true" signature="aftersuite()[pri:0, instance:TestScript.TestNgAnnotations@1ff4931d]" started-at="2025-01-21T19:03:54 IST" name="aftersuite" finished-at="2025-01-21T19:03:54 IST" duration-ms="1" status="PASS">
          <reporter-output>
          </reporter-output>
        </test-method> <!-- aftersuite -->
      </class> <!-- TestScript.TestNgAnnotations -->
    </test> <!-- Default test -->
  </suite> <!-- Default suite -->
</testng-results>
