<?xml version="1.0" encoding="UTF-8"?>
<testng-results ignored="0" total="1" passed="1" failed="0" skipped="0">
  <reporter-output>
  </reporter-output>
  <suite started-at="2025-01-23T19:49:56 IST" name="Default suite" finished-at="2025-01-23T19:50:04 IST" duration-ms="7683">
    <groups>
    </groups>
    <test started-at="2025-01-23T19:49:56 IST" name="Default test" finished-at="2025-01-23T19:50:04 IST" duration-ms="7683">
      <class name="TestScript.LoginTest">
        <test-method is-config="true" signature="initializeBrowser()[pri:0, instance:TestScript.LoginTest@6150c3ec]" started-at="2025-01-23T19:49:56 IST" name="initializeBrowser" finished-at="2025-01-23T19:50:03 IST" duration-ms="6578" status="PASS">
          <reporter-output>
          </reporter-output>
        </test-method> <!-- initializeBrowser -->
        <test-method signature="userLoginWithValidUsernameAndInvalidPassword()[pri:0, instance:TestScript.LoginTest@6150c3ec]" started-at="2025-01-23T19:50:03 IST" name="userLoginWithValidUsernameAndInvalidPassword" description="Login using invalid credentials" finished-at="2025-01-23T19:50:03 IST" duration-ms="426" status="PASS">
          <reporter-output>
          </reporter-output>
        </test-method> <!-- userLoginWithValidUsernameAndInvalidPassword -->
        <test-method is-config="true" signature="driverCloseAndQuit()[pri:0, instance:TestScript.LoginTest@6150c3ec]" started-at="2025-01-23T19:50:03 IST" name="driverCloseAndQuit" finished-at="2025-01-23T19:50:04 IST" duration-ms="579" status="PASS">
          <reporter-output>
          </reporter-output>
        </test-method> <!-- driverCloseAndQuit -->
      </class> <!-- TestScript.LoginTest -->
    </test> <!-- Default test -->
  </suite> <!-- Default suite -->
</testng-results>
