<?xml version="1.0" encoding="UTF-8"?>
<!-- Generated by org.testng.reporters.JUnitXMLReporter -->
<testsuite ignored="1" hostname="DESKTOP-AEA6PU9" failures="0" tests="1" name="ChromeTest" time="10.141" errors="0" timestamp="2025-02-07T13:40:17 IST">
  <testcase classname="testScript.HomeTest" name="isDashboardOnSidebarIsClickable" time="2.864"/>
  <testcase classname="testScript.HomeTest" name="UserCanLogOutTheSite" time="0.0">
    <ignored/>
  </testcase> <!-- UserCanLogOutTheSite -->
</testsuite> <!-- ChromeTest -->
