<?xml version="1.0" encoding="UTF-8"?>
<!-- Generated by org.testng.reporters.JUnitXMLReporter -->
<testsuite ignored="1" hostname="DESKTOP-AEA6PU9" failures="1" tests="1" name="Test" time="11.268" errors="0" timestamp="2025-02-21T15:00:16 IST">
  <testcase classname="testScript.Admin_UserTest" name="adminCanSearchUsers" time="4.709">
    <failure type="java.lang.AssertionError" message="Searched item not found expected [https://groceryapp.uniqassosiates.com/admin/user/index?un=arpitha&amp;amp;ut=staff&amp;amp;Search=sr] but found [https://groceryapp.uniqassosiates.com/admin/user/index?un=arpitha&amp;amp;ut=admin&amp;amp;Search=sr]">
      <![CDATA[java.lang.AssertionError: Searched item not found expected [https://groceryapp.uniqassosiates.com/admin/user/index?un=arpitha&ut=staff&Search=sr] but found [https://groceryapp.uniqassosiates.com/admin/user/index?un=arpitha&ut=admin&Search=sr]
at testScript.Admin_UserTest.adminCanSearchUsers(Admin_UserTest.java:72)
at java.base/java.util.ArrayList.forEach(ArrayList.java:1511)
... Removed 32 stack frames]]>
    </failure>
  </testcase> <!-- adminCanSearchUsers -->
  <testcase classname="testScript.Admin_UserTest" name="adminCanAddNewUsers" time="0.0">
    <ignored/>
  </testcase> <!-- adminCanAddNewUsers -->
</testsuite> <!-- Test -->
