<?xml version="1.0" encoding="UTF-8"?>
<!-- Generated by org.testng.reporters.JUnitXMLReporter -->
<testsuite ignored="2" hostname="DESKTOP-AEA6PU9" failures="0" tests="1" name="Default test" time="7.683" errors="0" timestamp="2025-01-23T19:50:04 IST">
  <testcase classname="TestScript.LoginTest" name="userLoginWithValidUsernameAndInvalidPassword" time="0.426"/>
  <testcase classname="TestScript.LoginTest" name="userLoginWithInvalidUsernameAndPassword" time="0.0">
    <ignored/>
  </testcase> <!-- userLoginWithInvalidUsernameAndPassword -->
  <testcase classname="TestScript.LoginTest" name="userLoginWithValidUsernameAndPassword" time="0.0">
    <ignored/>
  </testcase> <!-- userLoginWithValidUsernameAndPassword -->
</testsuite> <!-- Default test -->
