<?xml version="1.0" encoding="UTF-8"?>
<!-- Generated by org.testng.reporters.JUnitXMLReporter -->
<testsuite ignored="1" hostname="DESKTOP-AEA6PU9" failures="0" tests="1" name="EdgeTest" time="11.975" errors="0" timestamp="2025-02-14T19:16:03 IST">
  <testcase classname="testScript.CategoryTest" name="userCanSearchcategoryFromCategoryList" time="2.642"/>
  <testcase classname="testScript.CategoryTest" name="userCanChooseImage" time="0.0">
    <ignored/>
  </testcase> <!-- userCanChooseImage -->
</testsuite> <!-- EdgeTest -->
