<?xml version="1.0" encoding="UTF-8"?>
<!-- Generated by org.testng.reporters.JUnitXMLReporter -->
<testsuite ignored="1" hostname="DESKTOP-AEA6PU9" failures="0" tests="1" name="Test1" time="16.794" errors="0" timestamp="2025-02-07T13:38:54 IST">
  <testcase classname="testScript.CategoryTest" name="UserCanAbleToResetCategoryList" time="6.895"/>
  <testcase classname="testScript.CategoryTest" name="UserCanAddNewCategory" time="0.0">
    <ignored/>
  </testcase> <!-- UserCanAddNewCategory -->
</testsuite> <!-- Test1 -->
