<?xml version="1.0" encoding="UTF-8"?>
<!-- Generated by org.testng.reporters.JUnitXMLReporter -->
<testsuite ignored="3" hostname="DESKTOP-AEA6PU9" failures="0" tests="1" name="Test2" time="18.096" errors="0" timestamp="2025-02-20T20:31:05 IST">
  <testcase classname="testScript.LoginTest" name="userLoginWithValidUsernameAndValidPassword" time="2.791"/>
  <testcase classname="testScript.LoginTest" name="userLoginWithInvalidUsernameAndValidPassword" time="0.0">
    <ignored/>
  </testcase> <!-- userLoginWithInvalidUsernameAndValidPassword -->
  <testcase classname="testScript.LoginTest" name="userLoginWithInvalidUsernameAndInvalidPassword" time="0.0">
    <ignored/>
  </testcase> <!-- userLoginWithInvalidUsernameAndInvalidPassword -->
  <testcase classname="testScript.LoginTest" name="userLoginWithValidUsernameAndInvalidPassword" time="0.0">
    <ignored/>
  </testcase> <!-- userLoginWithValidUsernameAndInvalidPassword -->
</testsuite> <!-- Test2 -->
