<?xml version="1.0" encoding="UTF-8"?>
<!-- Generated by org.testng.reporters.JUnitXMLReporter -->
<testsuite ignored="3" hostname="DESKTOP-AEA6PU9" failures="0" tests="1" name="Test1" time="37.58" errors="0" timestamp="2025-02-20T20:31:24 IST">
  <testcase classname="automationCore.Base" name="@BeforeMethod initializeBrowser" time="37.45">
    <failure type="org.openqa.selenium.NoSuchWindowException" message="no such window: target window already closed
from unknown error: web view not found
  (Session info: MicrosoftEdge=133.0.3065.69)
Build info: version: &amp;apos;4.26.0&amp;apos;, revision: &amp;apos;8ccf0219d7&amp;apos;
System info: os.name: &amp;apos;Windows 10&amp;apos;, os.arch: &amp;apos;amd64&amp;apos;, os.version: &amp;apos;10.0&amp;apos;, java.version: &amp;apos;17.0.12&amp;apos;
Driver info: org.openqa.selenium.edge.EdgeDriver
Command: [29821d393d146037497e1d9a8f043bfd, maximizeCurrentWindow {}]
Capabilities {acceptInsecureCerts: false, browserName: MicrosoftEdge, browserVersion: 133.0.3065.69, fedcm:accounts: true, ms:edgeOptions: {debuggerAddress: localhost:61384}, msedge: {msedgedriverVersion: 133.0.3065.69 (c3f010c11f3e..., userDataDir: C:\Users\Anu\AppData\Local\...}, networkConnectionEnabled: false, pageLoadStrategy: normal, platformName: windows, proxy: Proxy(), se:cdp: ws://localhost:61384/devtoo..., se:cdpVersion: 133.0.3065.69, setWindowRect: true, strictFileInteractability: false, timeouts: {implicit: 0, pageLoad: 300000, script: 30000}, unhandledPromptBehavior: dismiss and notify, webauthn:extension:credBlob: true, webauthn:extension:largeBlob: true, webauthn:extension:minPinLength: true, webauthn:extension:prf: true, webauthn:virtualAuthenticators: true}
Session ID: 29821d393d146037497e1d9a8f043bfd">
      <![CDATA[org.openqa.selenium.NoSuchWindowException: no such window: target window already closed
from unknown error: web view not found
  (Session info: MicrosoftEdge=133.0.3065.69)
Build info: version: '4.26.0', revision: '8ccf0219d7'
System info: os.name: 'Windows 10', os.arch: 'amd64', os.version: '10.0', java.version: '17.0.12'
Driver info: org.openqa.selenium.edge.EdgeDriver
Command: [29821d393d146037497e1d9a8f043bfd, maximizeCurrentWindow {}]
Capabilities {acceptInsecureCerts: false, browserName: MicrosoftEdge, browserVersion: 133.0.3065.69, fedcm:accounts: true, ms:edgeOptions: {debuggerAddress: localhost:61384}, msedge: {msedgedriverVersion: 133.0.3065.69 (c3f010c11f3e..., userDataDir: C:\Users\Anu\AppData\Local\...}, networkConnectionEnabled: false, pageLoadStrategy: normal, platformName: windows, proxy: Proxy(), se:cdp: ws://localhost:61384/devtoo..., se:cdpVersion: 133.0.3065.69, setWindowRect: true, strictFileInteractability: false, timeouts: {implicit: 0, pageLoad: 300000, script: 30000}, unhandledPromptBehavior: dismiss and notify, webauthn:extension:credBlob: true, webauthn:extension:largeBlob: true, webauthn:extension:minPinLength: true, webauthn:extension:prf: true, webauthn:virtualAuthenticators: true}
Session ID: 29821d393d146037497e1d9a8f043bfd
at org.openqa.selenium.remote.ErrorCodec.decode(ErrorCodec.java:167)
at org.openqa.selenium.remote.codec.w3c.W3CHttpResponseCodec.decode(W3CHttpResponseCodec.java:138)
at org.openqa.selenium.remote.codec.w3c.W3CHttpResponseCodec.decode(W3CHttpResponseCodec.java:50)
at org.openqa.selenium.remote.HttpCommandExecutor.execute(HttpCommandExecutor.java:190)
at org.openqa.selenium.remote.service.DriverCommandExecutor.invokeExecute(DriverCommandExecutor.java:216)
at org.openqa.selenium.remote.service.DriverCommandExecutor.execute(DriverCommandExecutor.java:174)
at org.openqa.selenium.remote.RemoteWebDriver.execute(RemoteWebDriver.java:545)
at org.openqa.selenium.remote.RemoteWebDriver.execute(RemoteWebDriver.java:618)
at org.openqa.selenium.remote.RemoteWebDriver.execute(RemoteWebDriver.java:622)
at org.openqa.selenium.remote.RemoteWebDriver$RemoteWebDriverOptions$RemoteWindow.maximize(RemoteWebDriver.java:1061)
at automationCore.Base.initializeBrowser(Base.java:44)
at java.base/java.util.ArrayList.forEach(ArrayList.java:1511)
at java.base/java.util.concurrent.FutureTask.run(FutureTask.java:264)
at java.base/java.util.concurrent.ThreadPoolExecutor.runWorker(ThreadPoolExecutor.java:1136)
at java.base/java.util.concurrent.ThreadPoolExecutor$Worker.run(ThreadPoolExecutor.java:635)
at java.base/java.lang.Thread.run(Thread.java:842)
... Removed 26 stack frames]]>
    </failure>
  </testcase> <!-- @BeforeMethod initializeBrowser -->
  <testcase classname="testScript.LoginTest" name="userLoginWithValidUsernameAndValidPassword" time="0.0">
    <skipped/>
  </testcase> <!-- userLoginWithValidUsernameAndValidPassword -->
  <testcase classname="testScript.LoginTest" name="userLoginWithInvalidUsernameAndValidPassword" time="0.0">
    <ignored/>
  </testcase> <!-- userLoginWithInvalidUsernameAndValidPassword -->
  <testcase classname="testScript.LoginTest" name="userLoginWithValidUsernameAndInvalidPassword" time="0.0">
    <ignored/>
  </testcase> <!-- userLoginWithValidUsernameAndInvalidPassword -->
  <testcase classname="testScript.LoginTest" name="userLoginWithInvalidUsernameAndInvalidPassword" time="0.0">
    <ignored/>
  </testcase> <!-- userLoginWithInvalidUsernameAndInvalidPassword -->
</testsuite> <!-- Test1 -->
